[2022-07-08 08:52:04] local.ERROR: filemtime(): stat failed for C:\Users\Owner\Documents\BLM\eventBookingProgramme\BLM_1\.env {"exception":"[object] (ErrorException(code: 0): filemtime(): stat failed for C:\\Users\\Owner\\Documents\\BLM\\eventBookingProgramme\\BLM_1\\.env at C:\\Users\\Owner\\Documents\\BLM\\eventBookingProgramme\\BLM_1\\vendor\\laravel\\framework\\src\\Illuminate\\Foundation\\Console\\ServeCommand.php:66)
[stacktrace]
#0 [internal function]: Illuminate\\Foundation\\Bootstrap\\HandleExceptions->handleError(2, 'filemtime(): st...', 'C:\\\\Users\\\\Owner\\\\...', 66, Array)
#1 C:\\Users\\Owner\\Documents\\BLM\\eventBookingProgramme\\BLM_1\\vendor\\laravel\\framework\\src\\Illuminate\\Foundation\\Console\\ServeCommand.php(66): filemtime('C:\\\\Users\\\\Owner\\\\...')
#2 C:\\Users\\Owner\\Documents\\BLM\\eventBookingProgramme\\BLM_1\\vendor\\laravel\\framework\\src\\Illuminate\\Container\\BoundMethod.php(36): Illuminate\\Foundation\\Console\\ServeCommand->handle()
#3 C:\\Users\\Owner\\Documents\\BLM\\eventBookingProgramme\\BLM_1\\vendor\\laravel\\framework\\src\\Illuminate\\Container\\Util.php(40): Illuminate\\Container\\BoundMethod::Illuminate\\Container\\{closure}()
#4 C:\\Users\\Owner\\Documents\\BLM\\eventBookingProgramme\\BLM_1\\vendor\\laravel\\framework\\src\\Illuminate\\Container\\BoundMethod.php(93): Illuminate\\Container\\Util::unwrapIfClosure(Object(Closure))
#5 C:\\Users\\Owner\\Documents\\BLM\\eventBookingProgramme\\BLM_1\\vendor\\laravel\\framework\\src\\Illuminate\\Container\\BoundMethod.php(37): Illuminate\\Container\\BoundMethod::callBoundMethod(Object(Illuminate\\Foundation\\Application), Array, Object(Closure))
#6 C:\\Users\\Owner\\Documents\\BLM\\eventBookingProgramme\\BLM_1\\vendor\\laravel\\framework\\src\\Illuminate\\Container\\Container.php(653): Illuminate\\Container\\BoundMethod::call(Object(Illuminate\\Foundation\\Application), Array, Array, NULL)
#7 C:\\Users\\Owner\\Documents\\BLM\\eventBookingProgramme\\BLM_1\\vendor\\laravel\\framework\\src\\Illuminate\\Console\\Command.php(136): Illuminate\\Container\\Container->call(Array)
#8 C:\\Users\\Owner\\Documents\\BLM\\eventBookingProgramme\\BLM_1\\vendor\\symfony\\console\\Command\\Command.php(298): Illuminate\\Console\\Command->execute(Object(Symfony\\Component\\Console\\Input\\ArgvInput), Object(Illuminate\\Console\\OutputStyle))
#9 C:\\Users\\Owner\\Documents\\BLM\\eventBookingProgramme\\BLM_1\\vendor\\laravel\\framework\\src\\Illuminate\\Console\\Command.php(121): Symfony\\Component\\Console\\Command\\Command->run(Object(Symfony\\Component\\Console\\Input\\ArgvInput), Object(Illuminate\\Console\\OutputStyle))
#10 C:\\Users\\Owner\\Documents\\BLM\\eventBookingProgramme\\BLM_1\\vendor\\symfony\\console\\Application.php(1024): Illuminate\\Console\\Command->run(Object(Symfony\\Component\\Console\\Input\\ArgvInput), Object(Symfony\\Component\\Console\\Output\\ConsoleOutput))
#11 C:\\Users\\Owner\\Documents\\BLM\\eventBookingProgramme\\BLM_1\\vendor\\symfony\\console\\Application.php(299): Symfony\\Component\\Console\\Application->doRunCommand(Object(Illuminate\\Foundation\\Console\\ServeCommand), Object(Symfony\\Component\\Console\\Input\\ArgvInput), Object(Symfony\\Component\\Console\\Output\\ConsoleOutput))
#12 C:\\Users\\Owner\\Documents\\BLM\\eventBookingProgramme\\BLM_1\\vendor\\symfony\\console\\Application.php(171): Symfony\\Component\\Console\\Application->doRun(Object(Symfony\\Component\\Console\\Input\\ArgvInput), Object(Symfony\\Component\\Console\\Output\\ConsoleOutput))
#13 C:\\Users\\Owner\\Documents\\BLM\\eventBookingProgramme\\BLM_1\\vendor\\laravel\\framework\\src\\Illuminate\\Console\\Application.php(94): Symfony\\Component\\Console\\Application->run(Object(Symfony\\Component\\Console\\Input\\ArgvInput), Object(Symfony\\Component\\Console\\Output\\ConsoleOutput))
#14 C:\\Users\\Owner\\Documents\\BLM\\eventBookingProgramme\\BLM_1\\vendor\\laravel\\framework\\src\\Illuminate\\Foundation\\Console\\Kernel.php(129): Illuminate\\Console\\Application->run(Object(Symfony\\Component\\Console\\Input\\ArgvInput), Object(Symfony\\Component\\Console\\Output\\ConsoleOutput))
#15 C:\\Users\\Owner\\Documents\\BLM\\eventBookingProgramme\\BLM_1\\artisan(37): Illuminate\\Foundation\\Console\\Kernel->handle(Object(Symfony\\Component\\Console\\Input\\ArgvInput), Object(Symfony\\Component\\Console\\Output\\ConsoleOutput))
#16 {main}
"} 
[2022-07-08 08:52:04] local.ERROR: Uncaught Whoops\Exception\ErrorException: include(C:\Users\Owner\Documents\BLM\eventBookingProgramme\BLM_1\vendor\composer/../facade/ignition/src/SolutionProviders/IncorrectValetDbCredentialsSolutionProvider.php): failed to open stream: No such file or directory in C:\Users\Owner\Documents\BLM\eventBookingProgramme\BLM_1\vendor\composer\ClassLoader.php:571
Stack trace:
#0 C:\Users\Owner\Documents\BLM\eventBookingProgramme\BLM_1\vendor\composer\ClassLoader.php(571): Whoops\Run->handleError(2, 'include(C:\\User...', 'C:\\Users\\Owner\\...', 571, Array)
#1 C:\Users\Owner\Documents\BLM\eventBookingProgramme\BLM_1\vendor\composer\ClassLoader.php(571): include()
#2 C:\Users\Owner\Documents\BLM\eventBookingProgramme\BLM_1\vendor\composer\ClassLoader.php(428): Composer\Autoload\includeFile('C:\\Users\\Owner\\...')
#3 [internal function]: Composer\Autoload\ClassLoader->loadClass('Facade\\Ignition...')
#4 [internal function]: spl_autoload_call('Facade\\Ignition...')
#5 C:\Users\Owner\Documents\BLM\eventBookingProgramme {"exception":"[object] (Symfony\\Component\\ErrorHandler\\Error\\FatalError(code: 0): Uncaught Whoops\\Exception\\ErrorException: include(C:\\Users\\Owner\\Documents\\BLM\\eventBookingProgramme\\BLM_1\\vendor\\composer/../facade/ignition/src/SolutionProviders/IncorrectValetDbCredentialsSolutionProvider.php): failed to open stream: No such file or directory in C:\\Users\\Owner\\Documents\\BLM\\eventBookingProgramme\\BLM_1\\vendor\\composer\\ClassLoader.php:571
Stack trace:
#0 C:\\Users\\Owner\\Documents\\BLM\\eventBookingProgramme\\BLM_1\\vendor\\composer\\ClassLoader.php(571): Whoops\\Run->handleError(2, 'include(C:\\\\User...', 'C:\\\\Users\\\\Owner\\\\...', 571, Array)
#1 C:\\Users\\Owner\\Documents\\BLM\\eventBookingProgramme\\BLM_1\\vendor\\composer\\ClassLoader.php(571): include()
#2 C:\\Users\\Owner\\Documents\\BLM\\eventBookingProgramme\\BLM_1\\vendor\\composer\\ClassLoader.php(428): Composer\\Autoload\\includeFile('C:\\\\Users\\\\Owner\\\\...')
#3 [internal function]: Composer\\Autoload\\ClassLoader->loadClass('Facade\\\\Ignition...')
#4 [internal function]: spl_autoload_call('Facade\\\\Ignition...')
#5 C:\\Users\\Owner\\Documents\\BLM\\eventBookingProgramme at C:\\Users\\Owner\\Documents\\BLM\\eventBookingProgramme\\BLM_1\\vendor\\composer\\ClassLoader.php:571)
[stacktrace]
#0 {main}
"} 
